Executing SQL:
-- 创建数据库表结构

-- 管理员表
CREATE TABLE IF NOT EXISTS `SQLectric_administrators` (
  `id` int(11) NOT NULL AUTO_INCREMENT,
  `username` varchar(50) NOT NULL,
  `password` varchar(255) NOT NULL,
  `email` varchar(100) NOT NULL,
  `created_at` timestamp NOT NULL DEFAULT CURRENT_TIMESTAMP,
  PRIMARY KEY (`id`),
  UNIQUE KEY `username` (`username`)
) ENGINE=InnoDB DEFAULT CHARSET=utf8mb4;

-- 示例数据表
CREATE TABLE IF NOT EXISTS `SQLectric_example_data` (
  `id` int(11) NOT NULL AUTO_INCREMENT,
  `name` varchar(100) NOT NULL,
  `description` text,
  `status` tinyint(1) NOT NULL DEFAULT '1',
  `created_at` timestamp NOT NULL DEFAULT CURRENT_TIMESTAMP,
  PRIMARY KEY (`id`)
) ENGINE=InnoDB DEFAULT CHARSET=utf8mb4;

-- 插入示例数据
INSERT INTO `SQLectric_example_data` (`name`, `description`, `status`) VALUES
('示例项目1', '这是一个示例数据', 1),
('示例项目2', '另一个示例数据', 1);

-- 创建初始权限表
CREATE TABLE IF NOT EXISTS `SQLectric_permissions` (
  `id` int(11) NOT NULL AUTO_INCREMENT,
  `name` varchar(50) NOT NULL,
  `description` varchar(255) DEFAULT NULL,
  PRIMARY KEY (`id`)
) ENGINE=InnoDB DEFAULT CHARSET=utf8mb4;

-- 初始权限数据
INSERT INTO `SQLectric_permissions` (`name`, `description`) VALUES
('admin', '管理员权限'),
('user', '普通用户权限');Executing SQL:
-- 创建数据库表结构

-- 管理员表
CREATE TABLE IF NOT EXISTS `SQLectric_administrators` (
  `id` int(11) NOT NULL AUTO_INCREMENT,
  `username` varchar(50) NOT NULL,
  `password` varchar(255) NOT NULL,
  `email` varchar(100) NOT NULL,
  `created_at` timestamp NOT NULL DEFAULT CURRENT_TIMESTAMP,
  PRIMARY KEY (`id`),
  UNIQUE KEY `username` (`username`)
) ENGINE=InnoDB DEFAULT CHARSET=utf8mb4;

-- 示例数据表
CREATE TABLE IF NOT EXISTS `SQLectric_example_data` (
  `id` int(11) NOT NULL AUTO_INCREMENT,
  `name` varchar(100) NOT NULL,
  `description` text,
  `status` tinyint(1) NOT NULL DEFAULT '1',
  `created_at` timestamp NOT NULL DEFAULT CURRENT_TIMESTAMP,
  PRIMARY KEY (`id`)
) ENGINE=InnoDB DEFAULT CHARSET=utf8mb4;

-- 插入示例数据
INSERT INTO `SQLectric_example_data` (`name`, `description`, `status`) VALUES
('示例项目1', '这是一个示例数据', 1),
('示例项目2', '另一个示例数据', 1);

-- 创建初始权限表
CREATE TABLE IF NOT EXISTS `SQLectric_permissions` (
  `id` int(11) NOT NULL AUTO_INCREMENT,
  `name` varchar(50) NOT NULL,
  `description` varchar(255) DEFAULT NULL,
  PRIMARY KEY (`id`)
) ENGINE=InnoDB DEFAULT CHARSET=utf8mb4;

-- 初始权限数据
INSERT INTO `SQLectric_permissions` (`name`, `description`) VALUES
('admin', '管理员权限'),
('user', '普通用户权限');Executing SQL:
-- 创建数据库表结构

-- 管理员表
CREATE TABLE IF NOT EXISTS `SQLectric_administrators` (
  `id` int(11) NOT NULL AUTO_INCREMENT,
  `username` varchar(50) NOT NULL,
  `password` varchar(255) NOT NULL,
  `email` varchar(100) NOT NULL,
  `created_at` timestamp NOT NULL DEFAULT CURRENT_TIMESTAMP,
  PRIMARY KEY (`id`),
  UNIQUE KEY `username` (`username`)
) ENGINE=InnoDB DEFAULT CHARSET=utf8mb4;

-- 示例数据表
CREATE TABLE IF NOT EXISTS `SQLectric_example_data` (
  `id` int(11) NOT NULL AUTO_INCREMENT,
  `name` varchar(100) NOT NULL,
  `description` text,
  `status` tinyint(1) NOT NULL DEFAULT '1',
  `created_at` timestamp NOT NULL DEFAULT CURRENT_TIMESTAMP,
  PRIMARY KEY (`id`)
) ENGINE=InnoDB DEFAULT CHARSET=utf8mb4;

-- 插入示例数据
INSERT INTO `SQLectric_example_data` (`name`, `description`, `status`) VALUES
('示例项目1', '这是一个示例数据', 1),
('示例项目2', '另一个示例数据', 1);

-- 创建初始权限表
CREATE TABLE IF NOT EXISTS `SQLectric_permissions` (
  `id` int(11) NOT NULL AUTO_INCREMENT,
  `name` varchar(50) NOT NULL,
  `description` varchar(255) DEFAULT NULL,
  PRIMARY KEY (`id`)
) ENGINE=InnoDB DEFAULT CHARSET=utf8mb4;

-- 初始权限数据
INSERT INTO `SQLectric_permissions` (`name`, `description`) VALUES
('admin', '管理员权限'),
('user', '普通用户权限');
Existing Tables:
Array
(
    [0] => Array
        (
            [0] => administrators
        )

    [1] => Array
        (
            [0] => example_data
        )

    [2] => Array
        (
            [0] => permissions
        )

    [3] => Array
        (
            [0] => sqlectric_administrators
        )

    [4] => Array
        (
            [0] => sqlectric_example_data
        )

    [5] => Array
        (
            [0] => sqlectric_permissions
        )

)
Executing SQL:
-- 创建数据库表结构

-- 管理员表
CREATE TABLE IF NOT EXISTS `SQLectric_administrators` (
  `id` int(11) NOT NULL AUTO_INCREMENT,
  `username` varchar(50) NOT NULL,
  `password` varchar(255) NOT NULL,
  `email` varchar(100) NOT NULL,
  `created_at` timestamp NOT NULL DEFAULT CURRENT_TIMESTAMP,
  PRIMARY KEY (`id`),
  UNIQUE KEY `username` (`username`)
) ENGINE=InnoDB DEFAULT CHARSET=utf8mb4;

-- 示例数据表
CREATE TABLE IF NOT EXISTS `SQLectric_example_data` (
  `id` int(11) NOT NULL AUTO_INCREMENT,
  `name` varchar(100) NOT NULL,
  `description` text,
  `status` tinyint(1) NOT NULL DEFAULT '1',
  `created_at` timestamp NOT NULL DEFAULT CURRENT_TIMESTAMP,
  PRIMARY KEY (`id`)
) ENGINE=InnoDB DEFAULT CHARSET=utf8mb4;

-- 插入示例数据
INSERT INTO `SQLectric_example_data` (`name`, `description`, `status`) VALUES
('示例项目1', '这是一个示例数据', 1),
('示例项目2', '另一个示例数据', 1);

-- 创建初始权限表
CREATE TABLE IF NOT EXISTS `SQLectric_permissions` (
  `id` int(11) NOT NULL AUTO_INCREMENT,
  `name` varchar(50) NOT NULL,
  `description` varchar(255) DEFAULT NULL,
  PRIMARY KEY (`id`)
) ENGINE=InnoDB DEFAULT CHARSET=utf8mb4;

-- 初始权限数据
INSERT INTO `SQLectric_permissions` (`name`, `description`) VALUES
('admin', '管理员权限'),
('user', '普通用户权限');
Existing Tables:
Array
(
    [0] => Array
        (
            [0] => administrators
        )

    [1] => Array
        (
            [0] => example_data
        )

    [2] => Array
        (
            [0] => permissions
        )

    [3] => Array
        (
            [0] => sqlectric_administrators
        )

    [4] => Array
        (
            [0] => sqlectric_example_data
        )

    [5] => Array
        (
            [0] => sqlectric_permissions
        )

)
Executing SQL:
-- 创建数据库表结构

-- 管理员表
CREATE TABLE IF NOT EXISTS `SQLectric_administrators` (
  `id` int(11) NOT NULL AUTO_INCREMENT,
  `username` varchar(50) NOT NULL,
  `password` varchar(255) NOT NULL,
  `email` varchar(100) NOT NULL,
  `created_at` timestamp NOT NULL DEFAULT CURRENT_TIMESTAMP,
  PRIMARY KEY (`id`),
  UNIQUE KEY `username` (`username`)
) ENGINE=InnoDB DEFAULT CHARSET=utf8mb4;

-- 示例数据表
CREATE TABLE IF NOT EXISTS `SQLectric_example_data` (
  `id` int(11) NOT NULL AUTO_INCREMENT,
  `name` varchar(100) NOT NULL,
  `description` text,
  `status` tinyint(1) NOT NULL DEFAULT '1',
  `created_at` timestamp NOT NULL DEFAULT CURRENT_TIMESTAMP,
  PRIMARY KEY (`id`)
) ENGINE=InnoDB DEFAULT CHARSET=utf8mb4;

-- 插入示例数据
INSERT INTO `SQLectric_example_data` (`name`, `description`, `status`) VALUES
('示例项目1', '这是一个示例数据', 1),
('示例项目2', '另一个示例数据', 1);

-- 创建初始权限表
CREATE TABLE IF NOT EXISTS `SQLectric_permissions` (
  `id` int(11) NOT NULL AUTO_INCREMENT,
  `name` varchar(50) NOT NULL,
  `description` varchar(255) DEFAULT NULL,
  PRIMARY KEY (`id`)
) ENGINE=InnoDB DEFAULT CHARSET=utf8mb4;

-- 初始权限数据
INSERT INTO `SQLectric_permissions` (`name`, `description`) VALUES
('admin', '管理员权限'),
('user', '普通用户权限');
Existing Tables:
Array
(
    [0] => Array
        (
            [0] => administrators
        )

    [1] => Array
        (
            [0] => example_data
        )

    [2] => Array
        (
            [0] => permissions
        )

    [3] => Array
        (
            [0] => sqlectric_administrators
        )

    [4] => Array
        (
            [0] => sqlectric_example_data
        )

    [5] => Array
        (
            [0] => sqlectric_permissions
        )

)
Executing SQL:
-- 创建数据库表结构

-- 管理员表
CREATE TABLE IF NOT EXISTS `SQLectric_administrators` (
  `id` int(11) NOT NULL AUTO_INCREMENT,
  `username` varchar(50) NOT NULL,
  `password` varchar(255) NOT NULL,
  `email` varchar(100) NOT NULL,
  `created_at` timestamp NOT NULL DEFAULT CURRENT_TIMESTAMP,
  PRIMARY KEY (`id`),
  UNIQUE KEY `username` (`username`)
) ENGINE=InnoDB DEFAULT CHARSET=utf8mb4;

-- 示例数据表
CREATE TABLE IF NOT EXISTS `SQLectric_example_data` (
  `id` int(11) NOT NULL AUTO_INCREMENT,
  `name` varchar(100) NOT NULL,
  `description` text,
  `status` tinyint(1) NOT NULL DEFAULT '1',
  `created_at` timestamp NOT NULL DEFAULT CURRENT_TIMESTAMP,
  PRIMARY KEY (`id`)
) ENGINE=InnoDB DEFAULT CHARSET=utf8mb4;

-- 插入示例数据
INSERT INTO `SQLectric_example_data` (`name`, `description`, `status`) VALUES
('示例项目1', '这是一个示例数据', 1),
('示例项目2', '另一个示例数据', 1);

-- 创建初始权限表
CREATE TABLE IF NOT EXISTS `SQLectric_permissions` (
  `id` int(11) NOT NULL AUTO_INCREMENT,
  `name` varchar(50) NOT NULL,
  `description` varchar(255) DEFAULT NULL,
  PRIMARY KEY (`id`)
) ENGINE=InnoDB DEFAULT CHARSET=utf8mb4;

-- 初始权限数据
INSERT INTO `SQLectric_permissions` (`name`, `description`) VALUES
('admin', '管理员权限'),
('user', '普通用户权限');
Existing Tables:
Array
(
    [0] => Array
        (
            [0] => administrators
        )

    [1] => Array
        (
            [0] => example_data
        )

    [2] => Array
        (
            [0] => permissions
        )

    [3] => Array
        (
            [0] => sqlectric_administrators
        )

    [4] => Array
        (
            [0] => sqlectric_example_data
        )

    [5] => Array
        (
            [0] => sqlectric_permissions
        )

)
Executing SQL:
-- 创建数据库表结构

-- 管理员表
CREATE TABLE IF NOT EXISTS `SQL_administrators` (
  `id` int(11) NOT NULL AUTO_INCREMENT,
  `username` varchar(50) NOT NULL,
  `password` varchar(255) NOT NULL,
  `email` varchar(100) NOT NULL,
  `created_at` timestamp NOT NULL DEFAULT CURRENT_TIMESTAMP,
  PRIMARY KEY (`id`),
  UNIQUE KEY `username` (`username`)
) ENGINE=InnoDB DEFAULT CHARSET=utf8mb4;

-- 示例数据表
CREATE TABLE IF NOT EXISTS `SQL_example_data` (
  `id` int(11) NOT NULL AUTO_INCREMENT,
  `name` varchar(100) NOT NULL,
  `description` text,
  `status` tinyint(1) NOT NULL DEFAULT '1',
  `created_at` timestamp NOT NULL DEFAULT CURRENT_TIMESTAMP,
  PRIMARY KEY (`id`)
) ENGINE=InnoDB DEFAULT CHARSET=utf8mb4;

-- 插入示例数据
INSERT INTO `SQL_example_data` (`name`, `description`, `status`) VALUES
('示例项目1', '这是一个示例数据', 1),
('示例项目2', '另一个示例数据', 1);

-- 创建初始权限表
CREATE TABLE IF NOT EXISTS `SQL_permissions` (
  `id` int(11) NOT NULL AUTO_INCREMENT,
  `name` varchar(50) NOT NULL,
  `description` varchar(255) DEFAULT NULL,
  PRIMARY KEY (`id`)
) ENGINE=InnoDB DEFAULT CHARSET=utf8mb4;

-- 初始权限数据
INSERT INTO `SQL_permissions` (`name`, `description`) VALUES
('admin', '管理员权限'),
('user', '普通用户权限');
Existing Tables:
Array
(
    [0] => Array
        (
            [0] => administrators
        )

    [1] => Array
        (
            [0] => example_data
        )

    [2] => Array
        (
            [0] => permissions
        )

    [3] => Array
        (
            [0] => sql_administrators
        )

    [4] => Array
        (
            [0] => sql_example_data
        )

    [5] => Array
        (
            [0] => sql_permissions
        )

    [6] => Array
        (
            [0] => sqlectric_administrators
        )

    [7] => Array
        (
            [0] => sqlectric_example_data
        )

    [8] => Array
        (
            [0] => sqlectric_permissions
        )

)
Executing SQL:
-- 创建数据库表结构

-- 管理员表
CREATE TABLE IF NOT EXISTS `cyd_administrators` (
  `id` int(11) NOT NULL AUTO_INCREMENT,
  `username` varchar(50) NOT NULL,
  `password` varchar(255) NOT NULL,
  `email` varchar(100) NOT NULL,
  `created_at` timestamp NOT NULL DEFAULT CURRENT_TIMESTAMP,
  PRIMARY KEY (`id`),
  UNIQUE KEY `username` (`username`)
) ENGINE=InnoDB DEFAULT CHARSET=utf8mb4;

-- 示例数据表
CREATE TABLE IF NOT EXISTS `cyd_example_data` (
  `id` int(11) NOT NULL AUTO_INCREMENT,
  `name` varchar(100) NOT NULL,
  `description` text,
  `status` tinyint(1) NOT NULL DEFAULT '1',
  `created_at` timestamp NOT NULL DEFAULT CURRENT_TIMESTAMP,
  PRIMARY KEY (`id`)
) ENGINE=InnoDB DEFAULT CHARSET=utf8mb4;

-- 插入示例数据
INSERT INTO `cyd_example_data` (`name`, `description`, `status`) VALUES
('示例项目1', '这是一个示例数据', 1),
('示例项目2', '另一个示例数据', 1);

-- 创建初始权限表
CREATE TABLE IF NOT EXISTS `cyd_permissions` (
  `id` int(11) NOT NULL AUTO_INCREMENT,
  `name` varchar(50) NOT NULL,
  `description` varchar(255) DEFAULT NULL,
  PRIMARY KEY (`id`)
) ENGINE=InnoDB DEFAULT CHARSET=utf8mb4;

-- 初始权限数据
INSERT INTO `cyd_permissions` (`name`, `description`) VALUES
('admin', '管理员权限'),
('user', '普通用户权限');
Existing Tables:
Array
(
    [0] => Array
        (
            [0] => administrators
        )

    [1] => Array
        (
            [0] => cyd_administrators
        )

    [2] => Array
        (
            [0] => cyd_example_data
        )

    [3] => Array
        (
            [0] => cyd_permissions
        )

    [4] => Array
        (
            [0] => example_data
        )

    [5] => Array
        (
            [0] => permissions
        )

    [6] => Array
        (
            [0] => sql_administrators
        )

    [7] => Array
        (
            [0] => sql_example_data
        )

    [8] => Array
        (
            [0] => sql_permissions
        )

    [9] => Array
        (
            [0] => sqlectric_administrators
        )

    [10] => Array
        (
            [0] => sqlectric_example_data
        )

    [11] => Array
        (
            [0] => sqlectric_permissions
        )

)
